2012-05-14 07:53:57 [INFO ] [] XPayClient initialize [/home/acehost/wcms/modules/mdPayment/lgdacom] []
2012-05-14 07:53:57 [DEBUG] [] Config [server_id] = [01]
2012-05-14 07:53:57 [DEBUG] [] Config [timeout] = [60]
2012-05-14 07:53:57 [DEBUG] [] Config [log_level] = [4]
2012-05-14 07:53:57 [DEBUG] [] Config [verify_cert] = [1]
2012-05-14 07:53:57 [DEBUG] [] Config [verify_host] = [1]
2012-05-14 07:53:57 [DEBUG] [] Config [report_error] = [1]
2012-05-14 07:53:57 [DEBUG] [] Config [output_utf8] = [1]
2012-05-14 07:53:57 [DEBUG] [] Config [auto_rollback] = [1]
2012-05-14 07:53:57 [DEBUG] [] Config [log_dir] = [/home/acehost/wcms/_Site/samplewcmskoreacom/default/cache/mdPayment/logs]
2012-05-14 07:53:57 [DEBUG] [] Config [test] = [test]
2012-05-14 07:53:57 [DEBUG] [] Config [url] = [https://xpayclient.lgdacom.net/xpay/Gateway.do]
2012-05-14 07:53:57 [DEBUG] [] Config [test_url] = [https://xpayclient.lgdacom.net:7443/xpay/Gateway.do]
2012-05-14 07:53:57 [DEBUG] [] Config [aux_url] = [http://xpay.lgdacom.net:7080/xpay/Gateway.do]
2012-05-14 07:53:57 [FATAL] [] Key for MID [] does not exist in mall.conf
2012-05-14 07:55:16 [INFO ] [] XPayClient initialize [/home/acehost/wcms/modules/mdPayment/lgdacom] []
2012-05-14 07:55:16 [DEBUG] [] Config [server_id] = [01]
2012-05-14 07:55:16 [DEBUG] [] Config [timeout] = [60]
2012-05-14 07:55:16 [DEBUG] [] Config [log_level] = [4]
2012-05-14 07:55:16 [DEBUG] [] Config [verify_cert] = [1]
2012-05-14 07:55:16 [DEBUG] [] Config [verify_host] = [1]
2012-05-14 07:55:16 [DEBUG] [] Config [report_error] = [1]
2012-05-14 07:55:16 [DEBUG] [] Config [output_utf8] = [1]
2012-05-14 07:55:16 [DEBUG] [] Config [auto_rollback] = [1]
2012-05-14 07:55:16 [DEBUG] [] Config [log_dir] = [/home/acehost/wcms/_Site/samplewcmskoreacom/default/cache/mdPayment/logs]
2012-05-14 07:55:16 [DEBUG] [] Config [test] = [test]
2012-05-14 07:55:16 [DEBUG] [] Config [url] = [https://xpayclient.lgdacom.net/xpay/Gateway.do]
2012-05-14 07:55:16 [DEBUG] [] Config [test_url] = [https://xpayclient.lgdacom.net:7443/xpay/Gateway.do]
2012-05-14 07:55:16 [DEBUG] [] Config [aux_url] = [http://xpay.lgdacom.net:7080/xpay/Gateway.do]
2012-05-14 07:55:16 [FATAL] [] Key for MID [] does not exist in mall.conf
2012-05-14 07:55:29 [INFO ] [] XPayClient initialize [/home/acehost/wcms/modules/mdPayment/lgdacom] []
2012-05-14 07:55:29 [DEBUG] [] Config [server_id] = [01]
2012-05-14 07:55:29 [DEBUG] [] Config [timeout] = [60]
2012-05-14 07:55:29 [DEBUG] [] Config [log_level] = [4]
2012-05-14 07:55:29 [DEBUG] [] Config [verify_cert] = [1]
2012-05-14 07:55:29 [DEBUG] [] Config [verify_host] = [1]
2012-05-14 07:55:29 [DEBUG] [] Config [report_error] = [1]
2012-05-14 07:55:29 [DEBUG] [] Config [output_utf8] = [1]
2012-05-14 07:55:29 [DEBUG] [] Config [auto_rollback] = [1]
2012-05-14 07:55:29 [DEBUG] [] Config [log_dir] = [/home/acehost/wcms/_Site/samplewcmskoreacom/default/cache/mdPayment/logs]
2012-05-14 07:55:29 [DEBUG] [] Config [test] = [test]
2012-05-14 07:55:29 [DEBUG] [] Config [url] = [https://xpayclient.lgdacom.net/xpay/Gateway.do]
2012-05-14 07:55:29 [DEBUG] [] Config [test_url] = [https://xpayclient.lgdacom.net:7443/xpay/Gateway.do]
2012-05-14 07:55:29 [DEBUG] [] Config [aux_url] = [http://xpay.lgdacom.net:7080/xpay/Gateway.do]
2012-05-14 07:55:29 [FATAL] [] Key for MID [] does not exist in mall.conf
