2013-03-05 11:32:01 [INFO ] [] XPayClient initialize [/home/acehost/wcms/modules/mdPayment/lgdacom] []
2013-03-05 11:32:01 [DEBUG] [] Config [server_id] = [01]
2013-03-05 11:32:01 [DEBUG] [] Config [timeout] = [60]
2013-03-05 11:32:01 [DEBUG] [] Config [log_level] = [4]
2013-03-05 11:32:01 [DEBUG] [] Config [verify_cert] = [1]
2013-03-05 11:32:01 [DEBUG] [] Config [verify_host] = [1]
2013-03-05 11:32:01 [DEBUG] [] Config [report_error] = [1]
2013-03-05 11:32:01 [DEBUG] [] Config [output_utf8] = [1]
2013-03-05 11:32:01 [DEBUG] [] Config [auto_rollback] = [1]
2013-03-05 11:32:01 [DEBUG] [] Config [log_dir] = [/home/acehost/wcms/_Site/samplewcmskoreacom/default/cache/mdPayment/logs]
2013-03-05 11:32:01 [DEBUG] [] Config [taceoa2] = [27fa79dd04e8cb99c78f145cc4537f0b]
2013-03-05 11:32:01 [DEBUG] [] Config [url] = [https://xpayclient.lgdacom.net/xpay/Gateway.do]
2013-03-05 11:32:01 [DEBUG] [] Config [test_url] = [https://xpayclient.lgdacom.net:7443/xpay/Gateway.do]
2013-03-05 11:32:01 [DEBUG] [] Config [aux_url] = [http://xpay.lgdacom.net:7080/xpay/Gateway.do]
2013-03-05 11:36:20 [INFO ] [] XPayClient initialize [/home/acehost/wcms/modules/mdPayment/lgdacom] []
2013-03-05 11:36:20 [DEBUG] [] Config [server_id] = [01]
2013-03-05 11:36:20 [DEBUG] [] Config [timeout] = [60]
2013-03-05 11:36:20 [DEBUG] [] Config [log_level] = [4]
2013-03-05 11:36:20 [DEBUG] [] Config [verify_cert] = [1]
2013-03-05 11:36:20 [DEBUG] [] Config [verify_host] = [1]
2013-03-05 11:36:20 [DEBUG] [] Config [report_error] = [1]
2013-03-05 11:36:20 [DEBUG] [] Config [output_utf8] = [1]
2013-03-05 11:36:20 [DEBUG] [] Config [auto_rollback] = [1]
2013-03-05 11:36:20 [DEBUG] [] Config [log_dir] = [/home/acehost/wcms/_Site/samplewcmskoreacom/default/cache/mdPayment/logs]
2013-03-05 11:36:20 [DEBUG] [] Config [taceoa2] = [27fa79dd04e8cb99c78f145cc4537f0b]
2013-03-05 11:36:20 [DEBUG] [] Config [url] = [https://xpayclient.lgdacom.net/xpay/Gateway.do]
2013-03-05 11:36:20 [DEBUG] [] Config [test_url] = [https://xpayclient.lgdacom.net:7443/xpay/Gateway.do]
2013-03-05 11:36:20 [DEBUG] [] Config [aux_url] = [http://xpay.lgdacom.net:7080/xpay/Gateway.do]
2013-03-05 12:48:52 [INFO ] [] XPayClient initialize [/home/acehost/wcms/modules/mdPayment/lgdacom] []
2013-03-05 12:48:52 [DEBUG] [] Config [server_id] = [01]
2013-03-05 12:48:52 [DEBUG] [] Config [timeout] = [60]
2013-03-05 12:48:52 [DEBUG] [] Config [log_level] = [4]
2013-03-05 12:48:52 [DEBUG] [] Config [verify_cert] = [1]
2013-03-05 12:48:52 [DEBUG] [] Config [verify_host] = [1]
2013-03-05 12:48:52 [DEBUG] [] Config [report_error] = [1]
2013-03-05 12:48:52 [DEBUG] [] Config [output_utf8] = [1]
2013-03-05 12:48:52 [DEBUG] [] Config [auto_rollback] = [1]
2013-03-05 12:48:52 [DEBUG] [] Config [log_dir] = [/home/acehost/wcms/_Site/samplewcmskoreacom/default/cache/mdPayment/logs]
2013-03-05 12:48:52 [DEBUG] [] Config [taceoa2] = [27fa79dd04e8cb99c78f145cc4537f0b]
2013-03-05 12:48:52 [DEBUG] [] Config [url] = [https://xpayclient.lgdacom.net/xpay/Gateway.do]
2013-03-05 12:48:52 [DEBUG] [] Config [test_url] = [https://xpayclient.lgdacom.net:7443/xpay/Gateway.do]
2013-03-05 12:48:52 [DEBUG] [] Config [aux_url] = [http://xpay.lgdacom.net:7080/xpay/Gateway.do]
2013-03-05 12:49:04 [INFO ] [] XPayClient initialize [/home/acehost/wcms/modules/mdPayment/lgdacom] []
2013-03-05 12:49:04 [DEBUG] [] Config [server_id] = [01]
2013-03-05 12:49:04 [DEBUG] [] Config [timeout] = [60]
2013-03-05 12:49:04 [DEBUG] [] Config [log_level] = [4]
2013-03-05 12:49:04 [DEBUG] [] Config [verify_cert] = [1]
2013-03-05 12:49:04 [DEBUG] [] Config [verify_host] = [1]
2013-03-05 12:49:04 [DEBUG] [] Config [report_error] = [1]
2013-03-05 12:49:04 [DEBUG] [] Config [output_utf8] = [1]
2013-03-05 12:49:04 [DEBUG] [] Config [auto_rollback] = [1]
2013-03-05 12:49:04 [DEBUG] [] Config [log_dir] = [/home/acehost/wcms/_Site/samplewcmskoreacom/default/cache/mdPayment/logs]
2013-03-05 12:49:04 [DEBUG] [] Config [taceoa2] = [27fa79dd04e8cb99c78f145cc4537f0b]
2013-03-05 12:49:04 [DEBUG] [] Config [url] = [https://xpayclient.lgdacom.net/xpay/Gateway.do]
2013-03-05 12:49:04 [DEBUG] [] Config [test_url] = [https://xpayclient.lgdacom.net:7443/xpay/Gateway.do]
2013-03-05 12:49:04 [DEBUG] [] Config [aux_url] = [http://xpay.lgdacom.net:7080/xpay/Gateway.do]
2013-03-05 12:56:51 [INFO ] [] XPayClient initialize [/home/acehost/wcms/modules/mdPayment/lgdacom] []
2013-03-05 12:56:51 [DEBUG] [] Config [server_id] = [01]
2013-03-05 12:56:51 [DEBUG] [] Config [timeout] = [60]
2013-03-05 12:56:51 [DEBUG] [] Config [log_level] = [4]
2013-03-05 12:56:51 [DEBUG] [] Config [verify_cert] = [1]
2013-03-05 12:56:51 [DEBUG] [] Config [verify_host] = [1]
2013-03-05 12:56:51 [DEBUG] [] Config [report_error] = [1]
2013-03-05 12:56:51 [DEBUG] [] Config [output_utf8] = [1]
2013-03-05 12:56:51 [DEBUG] [] Config [auto_rollback] = [1]
2013-03-05 12:56:51 [DEBUG] [] Config [log_dir] = [/home/acehost/wcms/_Site/samplewcmskoreacom/default/cache/mdPayment/logs]
2013-03-05 12:56:51 [DEBUG] [] Config [taceoa2] = [27fa79dd04e8cb99c78f145cc4537f0b]
2013-03-05 12:56:51 [DEBUG] [] Config [url] = [https://xpayclient.lgdacom.net/xpay/Gateway.do]
2013-03-05 12:56:51 [DEBUG] [] Config [test_url] = [https://xpayclient.lgdacom.net:7443/xpay/Gateway.do]
2013-03-05 12:56:51 [DEBUG] [] Config [aux_url] = [http://xpay.lgdacom.net:7080/xpay/Gateway.do]
2013-03-05 12:58:04 [INFO ] [] XPayClient initialize [/home/acehost/wcms/modules/mdPayment/lgdacom] []
2013-03-05 12:58:04 [DEBUG] [] Config [server_id] = [01]
2013-03-05 12:58:04 [DEBUG] [] Config [timeout] = [60]
2013-03-05 12:58:04 [DEBUG] [] Config [log_level] = [4]
2013-03-05 12:58:04 [DEBUG] [] Config [verify_cert] = [1]
2013-03-05 12:58:04 [DEBUG] [] Config [verify_host] = [1]
2013-03-05 12:58:04 [DEBUG] [] Config [report_error] = [1]
2013-03-05 12:58:04 [DEBUG] [] Config [output_utf8] = [1]
2013-03-05 12:58:04 [DEBUG] [] Config [auto_rollback] = [1]
2013-03-05 12:58:04 [DEBUG] [] Config [log_dir] = [/home/acehost/wcms/_Site/samplewcmskoreacom/default/cache/mdPayment/logs]
2013-03-05 12:58:04 [DEBUG] [] Config [taceoa2] = [27fa79dd04e8cb99c78f145cc4537f0b]
2013-03-05 12:58:04 [DEBUG] [] Config [url] = [https://xpayclient.lgdacom.net/xpay/Gateway.do]
2013-03-05 12:58:04 [DEBUG] [] Config [test_url] = [https://xpayclient.lgdacom.net:7443/xpay/Gateway.do]
2013-03-05 12:58:04 [DEBUG] [] Config [aux_url] = [http://xpay.lgdacom.net:7080/xpay/Gateway.do]
2013-03-05 12:59:34 [INFO ] [] XPayClient initialize [/home/acehost/wcms/modules/mdPayment/lgdacom] []
2013-03-05 12:59:34 [DEBUG] [] Config [server_id] = [01]
2013-03-05 12:59:34 [DEBUG] [] Config [timeout] = [60]
2013-03-05 12:59:34 [DEBUG] [] Config [log_level] = [4]
2013-03-05 12:59:34 [DEBUG] [] Config [verify_cert] = [1]
2013-03-05 12:59:34 [DEBUG] [] Config [verify_host] = [1]
2013-03-05 12:59:34 [DEBUG] [] Config [report_error] = [1]
2013-03-05 12:59:34 [DEBUG] [] Config [output_utf8] = [1]
2013-03-05 12:59:34 [DEBUG] [] Config [auto_rollback] = [1]
2013-03-05 12:59:34 [DEBUG] [] Config [log_dir] = [/home/acehost/wcms/_Site/samplewcmskoreacom/default/cache/mdPayment/logs]
2013-03-05 12:59:34 [DEBUG] [] Config [taceoa2] = [27fa79dd04e8cb99c78f145cc4537f0b]
2013-03-05 12:59:34 [DEBUG] [] Config [url] = [https://xpayclient.lgdacom.net/xpay/Gateway.do]
2013-03-05 12:59:34 [DEBUG] [] Config [test_url] = [https://xpayclient.lgdacom.net:7443/xpay/Gateway.do]
2013-03-05 12:59:34 [DEBUG] [] Config [aux_url] = [http://xpay.lgdacom.net:7080/xpay/Gateway.do]
2013-03-05 16:01:15 [INFO ] [] XPayClient initialize [/home/acehost/wcms/modules/mdPayment/lgdacom] []
2013-03-05 16:01:15 [DEBUG] [] Config [server_id] = [01]
2013-03-05 16:01:15 [DEBUG] [] Config [timeout] = [60]
2013-03-05 16:01:15 [DEBUG] [] Config [log_level] = [4]
2013-03-05 16:01:15 [DEBUG] [] Config [verify_cert] = [1]
2013-03-05 16:01:15 [DEBUG] [] Config [verify_host] = [1]
2013-03-05 16:01:15 [DEBUG] [] Config [report_error] = [1]
2013-03-05 16:01:15 [DEBUG] [] Config [output_utf8] = [1]
2013-03-05 16:01:15 [DEBUG] [] Config [auto_rollback] = [1]
2013-03-05 16:01:15 [DEBUG] [] Config [log_dir] = [/home/acehost/wcms/_Site/samplewcmskoreacom/default/cache/mdPayment/logs]
2013-03-05 16:01:15 [DEBUG] [] Config [taceoa2] = [27fa79dd04e8cb99c78f145cc4537f0b]
2013-03-05 16:01:15 [DEBUG] [] Config [url] = [https://xpayclient.lgdacom.net/xpay/Gateway.do]
2013-03-05 16:01:15 [DEBUG] [] Config [test_url] = [https://xpayclient.lgdacom.net:7443/xpay/Gateway.do]
2013-03-05 16:01:15 [DEBUG] [] Config [aux_url] = [http://xpay.lgdacom.net:7080/xpay/Gateway.do]
